SF:lib/src/ui/helpers/toast_helper.dart
DA:5,0
DA:7,0
LF:2
LH:0
end_of_record
SF:lib/src/utils/analytics_util.dart
DA:7,0
DA:9,0
DA:14,0
DA:15,0
DA:16,0
DA:19,0
DA:21,0
DA:22,0
LF:8
LH:0
end_of_record
SF:lib/src/utils/user_actions_aggregator.dart
DA:9,1
DA:15,1
DA:16,2
DA:18,1
DA:20,2
DA:21,0
DA:22,0
DA:23,0
DA:25,0
DA:26,0
DA:27,0
DA:28,0
DA:29,0
DA:35,1
DA:36,2
DA:37,1
DA:38,1
DA:39,1
LF:18
LH:10
end_of_record
SF:lib/src/my_app.dart
DA:5,1
DA:7,1
DA:9,1
DA:11,1
LF:4
LH:4
end_of_record
SF:lib/src/ui/screens/page2.dart
DA:6,1
DA:10,0
DA:11,0
DA:16,0
DA:18,0
DA:20,0
DA:21,0
DA:22,0
DA:24,0
DA:25,0
DA:27,0
DA:31,0
DA:32,0
DA:33,0
DA:34,0
DA:35,0
DA:36,0
LF:17
LH:1
end_of_record
SF:lib/src/utils/service_locator.dart
DA:4,1
DA:6,3
DA:8,3
DA:10,1
DA:11,2
LF:5
LH:5
end_of_record
SF:lib/src/domain/value_objects/user_click_value_object.dart
DA:8,2
DA:10,0
DA:11,0
LF:3
LH:1
end_of_record
SF:lib/src/ui/screens/page1.dart
DA:6,1
DA:10,1
DA:11,1
DA:17,0
DA:18,0
DA:19,0
DA:20,0
DA:24,1
DA:26,1
DA:28,1
DA:29,1
DA:30,3
DA:32,1
DA:33,1
DA:35,1
DA:39,1
DA:40,2
DA:41,3
DA:46,1
DA:47,1
LF:20
LH:16
end_of_record
SF:lib/src/ui/views/click_detector.dart
DA:8,1
DA:13,1
DA:15,1
DA:16,1
DA:17,7
DA:19,1
LF:6
LH:6
end_of_record
